[rel1.0] ep      0  train 4.7692/0.009  test 4.7728/0.009  |W_E| 10.70  inj=True
[rel1.0] ep   2000  train 0.8148/0.815  test 2.2373/0.287  |W_E| 20.40  inj=True
[rel1.0] ep   4000  train 0.6015/0.842  test 2.7194/0.316  |W_E| 23.92  inj=True
[rel1.0] ep   6000  train 0.2825/0.983  test 2.9271/0.380  |W_E| 25.99  inj=True
[rel1.0] ep   8000  train 0.1887/0.999  test 2.4794/0.443  |W_E| 25.96  inj=True
[rel1.0] ep  10000  train 0.0954/1.000  test 1.0221/0.680  |W_E| 23.09  inj=True
[rel1.0] ep  12000  train 0.1574/0.965  test 0.7451/0.777  |W_E| 20.86  inj=True
[rel1.0] ep  14000  train 0.0040/1.000  test 0.1739/0.959  |W_E| 19.14  inj=True
[rel1.0] ep  16000  train 0.0058/1.000  test 0.0840/0.983  |W_E| 16.52  inj=True
[rel1.0] ep  18000  train 0.0492/0.987  test 0.2543/0.949  |W_E| 15.94  inj=True
[rel1.0] ep  20000  train 0.0029/1.000  test 0.0971/0.980  |W_E| 14.73  inj=True
[rel1.0] ep  21999  train 0.0005/1.000  test 0.1162/0.980  |W_E| 15.06  inj=True
[rel1.0] done in 1046.39s  grok_epoch=None
REL 1.0 {'reliability': 1.0, 'grok_epoch': None, 'final_test_acc': 0.9802, 'key_freqs': [17, 34, 41, 48], 'base_in_key': True, 'ablation_delta': 0.2009, 'we_power_base': 135.874, 'we_power_other_max': 32.739, 'we_total_norm': 15.061}
[rel0.75] ep      0  train 4.7695/0.009  test 4.7724/0.009  |W_E| 10.70  inj=True
[rel0.75] ep   2000  train 0.2055/0.999  test 4.7198/0.219  |W_E| 31.78  inj=True
[rel0.75] ep   4000  train 0.2294/0.962  test 5.9258/0.203  |W_E| 28.30  inj=True
[rel0.75] ep   6000  train 0.0016/1.000  test 1.5214/0.647  |W_E| 23.62  inj=True
[rel0.75] ep   8000  train 0.0021/1.000  test 0.0335/0.992  |W_E| 13.30  inj=True
[rel0.75] ep   9400  train 0.0008/1.000  test 0.0315/0.992  |W_E| 11.52  inj=True
[rel0.75] done in 503.07s  grok_epoch=7400
REL 0.75 {'reliability': 0.75, 'grok_epoch': 7400, 'final_test_acc': 0.9921, 'key_freqs': [17, 29, 42, 48], 'base_in_key': True, 'ablation_delta': -0.0011, 'we_power_base': 48.779, 'we_power_other_max': 45.855, 'we_total_norm': 11.516}
[rel0.5] ep      0  train 4.7702/0.009  test 4.7714/0.009  |W_E| 10.70  inj=True
[rel0.5] ep   2000  train 0.0365/1.000  test 7.7404/0.093  |W_E| 24.88  inj=True
[rel0.5] ep   4000  train 0.0131/1.000  test 8.4167/0.094  |W_E| 24.93  inj=True
[rel0.5] ep   6000  train 0.0089/1.000  test 8.5583/0.101  |W_E| 23.21  inj=True
[rel0.5] ep   8000  train 0.0052/1.000  test 8.6246/0.109  |W_E| 22.88  inj=True
[rel0.5] ep  10000  train 0.0015/1.000  test 9.2995/0.124  |W_E| 22.73  inj=True
[rel0.5] ep  12000  train 0.0192/0.999  test 9.7088/0.127  |W_E| 21.69  inj=True
[rel0.5] ep  14000  train 0.0097/1.000  test 6.8634/0.151  |W_E| 20.29  inj=True
[rel0.5] ep  16000  train 0.0001/1.000  test 9.7858/0.170  |W_E| 21.70  inj=True
[rel0.5] ep  18000  train 0.0010/1.000  test 7.4195/0.188  |W_E| 20.48  inj=True
[rel0.5] ep  20000  train 0.0000/1.000  test 9.9279/0.219  |W_E| 21.13  inj=True
[rel0.5] ep  21999  train 0.0098/1.000  test 4.1005/0.275  |W_E| 18.21  inj=True
[rel0.5] done in 1071.07s  grok_epoch=None
REL 0.5 {'reliability': 0.5, 'grok_epoch': None, 'final_test_acc': 0.2751, 'key_freqs': [1, 13, 17, 30, 38, 48], 'base_in_key': True, 'ablation_delta': -0.1693, 'we_power_base': 103.214, 'we_power_other_max': 41.374, 'we_total_norm': 18.206}
[rel0.25] ep      0  train 4.7709/0.010  test 4.7717/0.009  |W_E| 10.70  inj=True
[rel0.25] ep   2000  train 0.0000/1.000  test 24.3342/0.029  |W_E| 19.69  inj=True
[rel0.25] ep   4000  train 0.0000/1.000  test 22.4154/0.032  |W_E| 21.77  inj=True
[rel0.25] ep   6000  train 0.0000/1.000  test 20.4177/0.035  |W_E| 23.76  inj=True
[rel0.25] ep   8000  train 0.0000/1.000  test 23.0541/0.034  |W_E| 21.43  inj=True
[rel0.25] ep  10000  train 0.0060/1.000  test 10.0019/0.036  |W_E| 19.19  inj=True
[rel0.25] ep  12000  train 0.0001/1.000  test 16.3458/0.036  |W_E| 22.54  inj=True
[rel0.25] ep  14000  train 0.0000/1.000  test 22.5566/0.036  |W_E| 21.22  inj=True
[rel0.25] ep  16000  train 0.0007/1.000  test 12.5240/0.038  |W_E| 19.87  inj=True
[rel0.25] ep  18000  train 0.0000/1.000  test 20.2238/0.039  |W_E| 21.54  inj=True
[rel0.25] ep  20000  train 0.0016/1.000  test 18.1659/0.038  |W_E| 20.27  inj=True
[rel0.25] ep  21999  train 0.0007/1.000  test 12.3387/0.041  |W_E| 20.88  inj=True
[rel0.25] done in 732.87s  grok_epoch=None
REL 0.25 {'reliability': 0.25, 'grok_epoch': None, 'final_test_acc': 0.0408, 'key_freqs': [1, 4, 5, 6, 8, 13, 14, 15, 17, 19, 21, 25, 30, 34, 37, 41, 42, 48, 50, 53, 55], 'base_in_key': True, 'ablation_delta': -1.2387, 'we_power_base': 83.616, 'we_power_other_max': 22.669, 'we_total_norm': 20.884}
[rel0.0] ep      0  train 4.7701/0.009  test 4.7719/0.009  |W_E| 10.70  inj=True
[rel0.0] ep   2000  train 0.0000/1.000  test 31.0136/0.007  |W_E| 21.11  inj=True
[rel0.0] ep   4000  train 0.0000/1.000  test 30.6445/0.007  |W_E| 23.51  inj=True
[rel0.0] ep   6000  train 0.0000/1.000  test 29.8779/0.007  |W_E| 23.07  inj=True
[rel0.0] ep   8000  train 0.0000/1.000  test 30.8050/0.007  |W_E| 24.36  inj=True
[rel0.0] ep  10000  train 0.0000/1.000  test 30.2561/0.007  |W_E| 25.00  inj=True
[rel0.0] ep  12000  train 0.0005/1.000  test 22.3312/0.008  |W_E| 23.02  inj=True
[rel0.0] ep  14000  train 0.0006/1.000  test 17.5904/0.007  |W_E| 23.17  inj=True
[rel0.0] ep  16000  train 0.0000/1.000  test 27.1074/0.007  |W_E| 24.58  inj=True
[rel0.0] ep  18000  train 0.0013/1.000  test 18.1420/0.007  |W_E| 20.94  inj=True
[rel0.0] ep  20000  train 0.0004/1.000  test 18.2856/0.008  |W_E| 22.73  inj=True
[rel0.0] ep  21999  train 0.0000/1.000  test 26.5714/0.008  |W_E| 24.29  inj=True
[rel0.0] done in 536.8s  grok_epoch=None
REL 0.0 {'reliability': 0.0, 'grok_epoch': None, 'final_test_acc': 0.0082, 'key_freqs': [1, 3, 4, 6, 8, 9, 10, 11, 12, 13, 14, 15, 16, 17, 18, 20, 21, 22, 23, 24, 25, 26, 27, 28, 29, 30, 33, 34, 35, 37, 38, 39, 41, 42, 43, 44, 47, 48, 49, 50, 51, 52, 53, 54, 55], 'base_in_key': True, 'ablation_delta': -2.3427, 'we_power_base': 12.309, 'we_power_other_max': 23.167, 'we_total_norm': 24.288}

=== Exp D (reliability) summary ===
reliability | grok | testacc | abl ΔCE | base∈key | W_E pow@base | W_E pow@other
   1.0 |  None | 0.980 |  0.2009 |  True | 135.874 |  32.739
  0.75 |  7400 | 0.992 | -0.0011 |  True |  48.779 |  45.855
   0.5 |  None | 0.275 | -0.1693 |  True | 103.214 |  41.374
  0.25 |  None | 0.041 | -1.2387 |  True |  83.616 |  22.669
   0.0 |  None | 0.008 | -2.3427 |  True |  12.309 |  23.167

✅ exp04 done
